# JRE version: Java(TM) SE Runtime Environment (8.0_91-b14) (build 1.8.0_91-b14)
# Java VM: Java HotSpot(TM) 64-Bit Server VM (25.91-b14 mixed mode linux-amd64 compressed oops)
Heap:
 PSYoungGen      total 222208K, used 37875K [0x00000000eab00000, 0x00000000fb300000, 0x0000000100000000)
  eden space 184320K, 0% used [0x00000000eab00000,0x00000000eab00000,0x00000000f5f00000)
  from space 37888K, 99% used [0x00000000f5f00000,0x00000000f83fcdf0,0x00000000f8400000)
  to   space 27648K, 0% used [0x00000000f8400000,0x00000000f8400000,0x00000000f9f00000)
 ParOldGen       total 135168K, used 134843K [0x00000000c0000000, 0x00000000c8400000, 0x00000000eab00000)
  object space 135168K, 99% used [0x00000000c0000000,0x00000000c83aed60,0x00000000c8400000)
 Metaspace       used 6436K, capacity 7192K, committed 7424K, reserved 1056768K
  class space    used 614K, capacity 656K, committed 768K, reserved 1048576K
GC Heap History (10 events):
Event: 6,606 GC heap after
Heap after GC invocations=5 (full 0):
 PSYoungGen      total 52736K, used 3584K [0x00000000eab00000, 0x00000000f2500000, 0x0000000100000000)
  eden space 49152K, 0% used [0x00000000eab00000,0x00000000eab00000,0x00000000edb00000)
  from space 3584K, 100% used [0x00000000edb00000,0x00000000ede80000,0x00000000ede80000)
  to   space 13312K, 0% used [0x00000000f1800000,0x00000000f1800000,0x00000000f2500000)
 ParOldGen       total 64512K, used 17966K [0x00000000c0000000, 0x00000000c3f00000, 0x00000000eab00000)
  object space 64512K, 27% used [0x00000000c0000000,0x00000000c118ba70,0x00000000c3f00000)
 Metaspace       used 5986K, capacity 6872K, committed 7168K, reserved 1056768K
  class space    used 614K, capacity 656K, committed 768K, reserved 1048576K
}
Event: 7,691 GC heap before
{Heap before GC invocations=6 (full 0):
 PSYoungGen      total 52736K, used 52736K [0x00000000eab00000, 0x00000000f2500000, 0x0000000100000000)
  eden space 49152K, 100% used [0x00000000eab00000,0x00000000edb00000,0x00000000edb00000)
  from space 3584K, 100% used [0x00000000edb00000,0x00000000ede80000,0x00000000ede80000)
  to   space 13312K, 0% used [0x00000000f1800000,0x00000000f1800000,0x00000000f2500000)
 ParOldGen       total 64512K, used 17966K [0x00000000c0000000, 0x00000000c3f00000, 0x00000000eab00000)
  object space 64512K, 27% used [0x00000000c0000000,0x00000000c118ba70,0x00000000c3f00000)
 Metaspace       used 6033K, capacity 6936K, committed 7168K, reserved 1056768K
  class space    used 614K, capacity 656K, committed 768K, reserved 1048576K
Event: 7,861 GC heap after
Heap after GC invocations=6 (full 0):
 PSYoungGen      total 110592K, used 10352K [0x00000000eab00000, 0x00000000f2700000, 0x0000000100000000)
  eden space 97280K, 0% used [0x00000000eab00000,0x00000000eab00000,0x00000000f0a00000)
  from space 13312K, 77% used [0x00000000f1800000,0x00000000f221c010,0x00000000f2500000)
  to   space 14336K, 0% used [0x00000000f0a00000,0x00000000f0a00000,0x00000000f1800000)
 ParOldGen       total 64512K, used 17966K [0x00000000c0000000, 0x00000000c3f00000, 0x00000000eab00000)
  object space 64512K, 27% used [0x00000000c0000000,0x00000000c118ba70,0x00000000c3f00000)
 Metaspace       used 6033K, capacity 6936K, committed 7168K, reserved 1056768K
  class space    used 614K, capacity 656K, committed 768K, reserved 1048576K
}
Event: 9,748 GC heap before
{Heap before GC invocations=7 (full 0):
 PSYoungGen      total 110592K, used 107632K [0x00000000eab00000, 0x00000000f2700000, 0x0000000100000000)
  eden space 97280K, 100% used [0x00000000eab00000,0x00000000f0a00000,0x00000000f0a00000)
  from space 13312K, 77% used [0x00000000f1800000,0x00000000f221c010,0x00000000f2500000)
  to   space 14336K, 0% used [0x00000000f0a00000,0x00000000f0a00000,0x00000000f1800000)
 ParOldGen       total 64512K, used 17966K [0x00000000c0000000, 0x00000000c3f00000, 0x00000000eab00000)
  object space 64512K, 27% used [0x00000000c0000000,0x00000000c118ba70,0x00000000c3f00000)
 Metaspace       used 6150K, capacity 7064K, committed 7424K, reserved 1056768K
  class space    used 614K, capacity 656K, committed 768K, reserved 1048576K
Event: 10,061 GC heap after
Heap after GC invocations=7 (full 0):
 PSYoungGen      total 111616K, used 14312K [0x00000000eab00000, 0x00000000f9f00000, 0x0000000100000000)
  eden space 97280K, 0% used [0x00000000eab00000,0x00000000eab00000,0x00000000f0a00000)
  from space 14336K, 99% used [0x00000000f0a00000,0x00000000f17fa2c0,0x00000000f1800000)
  to   space 27648K, 0% used [0x00000000f8400000,0x00000000f8400000,0x00000000f9f00000)
 ParOldGen       total 64512K, used 38595K [0x00000000c0000000, 0x00000000c3f00000, 0x00000000eab00000)
  object space 64512K, 59% used [0x00000000c0000000,0x00000000c25b0f20,0x00000000c3f00000)
 Metaspace       used 6150K, capacity 7064K, committed 7424K, reserved 1056768K
  class space    used 614K, capacity 656K, committed 768K, reserved 1048576K
}
Event: 15,699 GC heap before
{Heap before GC invocations=8 (full 0):
 PSYoungGen      total 111616K, used 111592K [0x00000000eab00000, 0x00000000f9f00000, 0x0000000100000000)
  eden space 97280K, 100% used [0x00000000eab00000,0x00000000f0a00000,0x00000000f0a00000)
  from space 14336K, 99% used [0x00000000f0a00000,0x00000000f17fa2c0,0x00000000f1800000)
  to   space 27648K, 0% used [0x00000000f8400000,0x00000000f8400000,0x00000000f9f00000)
 ParOldGen       total 64512K, used 38595K [0x00000000c0000000, 0x00000000c3f00000, 0x00000000eab00000)
  object space 64512K, 59% used [0x00000000c0000000,0x00000000c25b0f20,0x00000000c3f00000)
 Metaspace       used 6416K, capacity 7192K, committed 7424K, reserved 1056768K
  class space    used 614K, capacity 656K, committed 768K, reserved 1048576K
Event: 16,137 GC heap after
Heap after GC invocations=8 (full 0):
 PSYoungGen      total 211968K, used 27640K [0x00000000eab00000, 0x00000000fb300000, 0x0000000100000000)
  eden space 184320K, 0% used [0x00000000eab00000,0x00000000eab00000,0x00000000f5f00000)
  from space 27648K, 99% used [0x00000000f8400000,0x00000000f9efe3a0,0x00000000f9f00000)
  to   space 37888K, 0% used [0x00000000f5f00000,0x00000000f5f00000,0x00000000f8400000)
 ParOldGen       total 64512K, used 50542K [0x00000000c0000000, 0x00000000c3f00000, 0x00000000eab00000)
  object space 64512K, 78% used [0x00000000c0000000,0x00000000c315b9b0,0x00000000c3f00000)
 Metaspace       used 6416K, capacity 7192K, committed 7424K, reserved 1056768K
  class space    used 614K, capacity 656K, committed 768K, reserved 1048576K
}
Event: 16,142 GC heap before
{Heap before GC invocations=9 (full 1):
 PSYoungGen      total 211968K, used 27640K [0x00000000eab00000, 0x00000000fb300000, 0x0000000100000000)
  eden space 184320K, 0% used [0x00000000eab00000,0x00000000eab00000,0x00000000f5f00000)
  from space 27648K, 99% used [0x00000000f8400000,0x00000000f9efe3a0,0x00000000f9f00000)
  to   space 37888K, 0% used [0x00000000f5f00000,0x00000000f5f00000,0x00000000f8400000)
 ParOldGen       total 64512K, used 50542K [0x00000000c0000000, 0x00000000c3f00000, 0x00000000eab00000)
  object space 64512K, 78% used [0x00000000c0000000,0x00000000c315b9b0,0x00000000c3f00000)
 Metaspace       used 6416K, capacity 7192K, committed 7424K, reserved 1056768K
  class space    used 614K, capacity 656K, committed 768K, reserved 1048576K
Event: 18,775 GC heap after
Heap after GC invocations=9 (full 1):
 PSYoungGen      total 211968K, used 3505K [0x00000000eab00000, 0x00000000fb300000, 0x0000000100000000)
  eden space 184320K, 0% used [0x00000000eab00000,0x00000000eab00000,0x00000000f5f00000)
  from space 27648K, 12% used [0x00000000f8400000,0x00000000f876c450,0x00000000f9f00000)
  to   space 37888K, 0% used [0x00000000f5f00000,0x00000000f5f00000,0x00000000f8400000)
 ParOldGen       total 121344K, used 64132K [0x00000000c0000000, 0x00000000c7680000, 0x00000000eab00000)
  object space 121344K, 52% used [0x00000000c0000000,0x00000000c3ea13f0,0x00000000c7680000)
 Metaspace       used 6416K, capacity 7192K, committed 7424K, reserved 1056768K
  class space    used 614K, capacity 656K, committed 768K, reserved 1048576K
}
Event: 20,248 GC heap before
{Heap before GC invocations=10 (full 1):
 PSYoungGen      total 211968K, used 187825K [0x00000000eab00000, 0x00000000fb300000, 0x0000000100000000)
  eden space 184320K, 100% used [0x00000000eab00000,0x00000000f5f00000,0x00000000f5f00000)
  from space 27648K, 12% used [0x00000000f8400000,0x00000000f876c450,0x00000000f9f00000)
  to   space 37888K, 0% used [0x00000000f5f00000,0x00000000f5f00000,0x00000000f8400000)
 ParOldGen       total 121344K, used 64132K [0x00000000c0000000, 0x00000000c7680000, 0x00000000eab00000)
  object space 121344K, 52% used [0x00000000c0000000,0x00000000c3ea13f0,0x00000000c7680000)
 Metaspace       used 6436K, capacity 7192K, committed 7424K, reserved 1056768K
  class space    used 614K, capacity 656K, committed 768K, reserved 1048576K

